app/build/intermediates/manifest_merge_blame_file/release/manifest-merger-blame-release-report.txt
1<?xml version="1.0" encoding="utf-8"?>
2<manifest xmlns:android="http://schemas.android.com/apk/res/android"
3    package="com.mueller.spaien"
4    android:versionCode="1"
5    android:versionName="1.1" >
6
7    <uses-sdk
8        android:minSdkVersion="24"
8-->src\main\AndroidManifest.xml
9        android:targetSdkVersion="29" />
9-->src\main\AndroidManifest.xml
10
11    <application
11-->src\main\AndroidManifest.xml:4:1-24:15
12        android:allowBackup="true"
12-->src\main\AndroidManifest.xml:5:5-31
13        android:icon="@mipmap/ic_launcher"
13-->src\main\AndroidManifest.xml:6:5-39
14        android:label="@string/app_name"
14-->src\main\AndroidManifest.xml:7:5-37
15        android:roundIcon="@mipmap/ic_launcher_round"
15-->src\main\AndroidManifest.xml:8:5-50
16        android:supportsRtl="true"
16-->src\main\AndroidManifest.xml:9:5-31
17        android:theme="@style/AppTheme" >
17-->src\main\AndroidManifest.xml:10:5-36
18        <activity
18-->src\main\AndroidManifest.xml:11:5-17:16
19            android:name="com.mueller.spaien.StartScreen"
19-->src\main\AndroidManifest.xml:11:15-42
20            android:screenOrientation="portrait"
20-->src\main\AndroidManifest.xml:11:83-119
21            android:windowSoftInputMode="adjustPan" >
21-->src\main\AndroidManifest.xml:11:43-82
22            <intent-filter>
22-->src\main\AndroidManifest.xml:12:9-16:25
23                <action android:name="android.intent.action.MAIN" />
23-->src\main\AndroidManifest.xml:13:13-65
23-->src\main\AndroidManifest.xml:13:21-62
24
25                <category android:name="android.intent.category.LAUNCHER" />
25-->src\main\AndroidManifest.xml:15:13-73
25-->src\main\AndroidManifest.xml:15:23-70
26            </intent-filter>
27        </activity>
28        <activity
28-->src\main\AndroidManifest.xml:18:5-19:48
29            android:name="com.mueller.spaien.InfoShortScreen"
29-->src\main\AndroidManifest.xml:18:15-46
30            android:screenOrientation="portrait" />
30-->src\main\AndroidManifest.xml:19:9-45
31        <activity
31-->src\main\AndroidManifest.xml:20:5-21:48
32            android:name="com.mueller.spaien.InfoScreen"
32-->src\main\AndroidManifest.xml:20:15-41
33            android:screenOrientation="portrait" />
33-->src\main\AndroidManifest.xml:21:9-45
34        <activity
34-->src\main\AndroidManifest.xml:22:5-23:49
35            android:name="com.mueller.spaien.PlayScreen"
35-->src\main\AndroidManifest.xml:22:15-41
36            android:screenOrientation="landscape" />
36-->src\main\AndroidManifest.xml:23:9-46
37
38        <meta-data
38-->[com.android.support:appcompat-v7:26.1.0] AndroidManifest.xml:26:9-28:38
39            android:name="android.support.VERSION"
39-->[com.android.support:appcompat-v7:26.1.0] AndroidManifest.xml:27:13-51
40            android:value="26.1.0" />
40-->[com.android.support:appcompat-v7:26.1.0] AndroidManifest.xml:28:13-35
41        <meta-data
41-->[android.arch.lifecycle:runtime:1.0.0] AndroidManifest.xml:25:9-27:47
42            android:name="android.arch.lifecycle.VERSION"
42-->[android.arch.lifecycle:runtime:1.0.0] AndroidManifest.xml:26:13-58
43            android:value="27.0.0-SNAPSHOT" />
43-->[android.arch.lifecycle:runtime:1.0.0] AndroidManifest.xml:27:13-44
44    </application>
45
46</manifest>